Compiling the C compiler identification source file "CMakeCCompilerId.c" failed.
Compiler: /Library/Developer/CommandLineTools/usr/bin/cc 
Build flags: 
Id flags:  

The output was:
1
ld: library not found for -lSystem
clang: error: linker command failed with exit code 1 (use -v to see invocation)


Compiling the CXX compiler identification source file "CMakeCXXCompilerId.cpp" failed.
Compiler: /Library/Developer/CommandLineTools/usr/bin/c++ 
Build flags: 
Id flags:  

The output was:
1
ld: library not found for -lc++
clang: error: linker command failed with exit code 1 (use -v to see invocation)


Performing C++ SOURCE FILE Test BOOST_ATOMIC_TARGET_X86 failed with the following output:
Change Dir: /Users/natasamihaleva/projectCXX/Lab4/cmake-build-debug/CMakeFiles/CMakeTmp

Run Build Command(s):/Applications/CLion.app/Contents/bin/ninja/mac/ninja cmTC_05650 && [1/2] Building CXX object CMakeFiles/cmTC_05650.dir/src.cxx.o
FAILED: CMakeFiles/cmTC_05650.dir/src.cxx.o 
/Library/Developer/CommandLineTools/usr/bin/c++ -DBOOST_ATOMIC_TARGET_X86 -I/Users/natasamihaleva/projectCXX/Lab4/cmake-build-debug/_deps/boost-src/libs/algorithm/include -I/Users/natasamihaleva/projectCXX/Lab4/cmake-build-debug/_deps/boost-src/libs/align/include -I/Users/natasamihaleva/projectCXX/Lab4/cmake-build-debug/_deps/boost-src/libs/any/include -I/Users/natasamihaleva/projectCXX/Lab4/cmake-build-debug/_deps/boost-src/libs/array/include -I/Users/natasamihaleva/projectCXX/Lab4/cmake-build-debug/_deps/boost-src/libs/assert/include -I/Users/natasamihaleva/projectCXX/Lab4/cmake-build-debug/_deps/boost-src/libs/atomic/include -I/Users/natasamihaleva/projectCXX/Lab4/cmake-build-debug/_deps/boost-src/libs/bind/include -I/Users/natasamihaleva/projectCXX/Lab4/cmake-build-debug/_deps/boost-src/libs/chrono/include -I/Users/natasamihaleva/projectCXX/Lab4/cmake-build-debug/_deps/boost-src/libs/concept_check/include -I/Users/natasamihaleva/projectCXX/Lab4/cmake-build-debug/_deps/boost-src/libs/config/include -I/Users/natasamihaleva/projectCXX/Lab4/cmake-build-debug/_deps/boost-src/libs/container/include -I/Users/natasamihaleva/projectCXX/Lab4/cmake-build-debug/_deps/boost-src/libs/container_hash/include -I/Users/natasamihaleva/projectCXX/Lab4/cmake-build-debug/_deps/boost-src/libs/conversion/include -I/Users/natasamihaleva/projectCXX/Lab4/cmake-build-debug/_deps/boost-src/libs/core/include -I/Users/natasamihaleva/projectCXX/Lab4/cmake-build-debug/_deps/boost-src/libs/date_time/include -I/Users/natasamihaleva/projectCXX/Lab4/cmake-build-debug/_deps/boost-src/libs/detail/include -I/Users/natasamihaleva/projectCXX/Lab4/cmake-build-debug/_deps/boost-src/libs/exception/include -I/Users/natasamihaleva/projectCXX/Lab4/cmake-build-debug/_deps/boost-src/libs/function/include -I/Users/natasamihaleva/projectCXX/Lab4/cmake-build-debug/_deps/boost-src/libs/function_types/include -I/Users/natasamihaleva/projectCXX/Lab4/cmake-build-debug/_deps/boost-src/libs/functional/include -I/Users/natasamihaleva/projectCXX/Lab4/cmake-build-debug/_deps/boost-src/libs/fusion/include -I/Users/natasamihaleva/projectCXX/Lab4/cmake-build-debug/_deps/boost-src/libs/integer/include -I/Users/natasamihaleva/projectCXX/Lab4/cmake-build-debug/_deps/boost-src/libs/intrusive/include -I/Users/natasamihaleva/projectCXX/Lab4/cmake-build-debug/_deps/boost-src/libs/io/include -I/Users/natasamihaleva/projectCXX/Lab4/cmake-build-debug/_deps/boost-src/libs/iterator/include -I/Users/natasamihaleva/projectCXX/Lab4/cmake-build-debug/_deps/boost-src/libs/lexical_cast/include -I/Users/natasamihaleva/projectCXX/Lab4/cmake-build-debug/_deps/boost-src/libs/move/include -I/Users/natasamihaleva/projectCXX/Lab4/cmake-build-debug/_deps/boost-src/libs/mp11/include -I/Users/natasamihaleva/projectCXX/Lab4/cmake-build-debug/_deps/boost-src/libs/mpl/include -I/Users/natasamihaleva/projectCXX/Lab4/cmake-build-debug/_deps/boost-src/libs/optional/include -I/Users/natasamihaleva/projectCXX/Lab4/cmake-build-debug/_deps/boost-src/libs/predef/include -I/Users/natasamihaleva/projectCXX/Lab4/cmake-build-debug/_deps/boost-src/libs/preprocessor/include -I/Users/natasamihaleva/projectCXX/Lab4/cmake-build-debug/_deps/boost-src/libs/program_options/include -I/Users/natasamihaleva/projectCXX/Lab4/cmake-build-debug/_deps/boost-src/libs/range/include -I/Users/natasamihaleva/projectCXX/Lab4/cmake-build-debug/_deps/boost-src/libs/ratio/include -I/Users/natasamihaleva/projectCXX/Lab4/cmake-build-debug/_deps/boost-src/libs/rational/include -I/Users/natasamihaleva/projectCXX/Lab4/cmake-build-debug/_deps/boost-src/libs/regex/include -I/Users/natasamihaleva/projectCXX/Lab4/cmake-build-debug/_deps/boost-src/libs/smart_ptr/include -I/Users/natasamihaleva/projectCXX/Lab4/cmake-build-debug/_deps/boost-src/libs/static_assert/include -I/Users/natasamihaleva/projectCXX/Lab4/cmake-build-debug/_deps/boost-src/libs/system/include -I/Users/natasamihaleva/projectCXX/Lab4/cmake-build-debug/_deps/boost-src/libs/thread/include -I/Users/natasamihaleva/projectCXX/Lab4/cmake-build-debug/_deps/boost-src/libs/throw_exception/include -I/Users/natasamihaleva/projectCXX/Lab4/cmake-build-debug/_deps/boost-src/libs/tokenizer/include -I/Users/natasamihaleva/projectCXX/Lab4/cmake-build-debug/_deps/boost-src/libs/tuple/include -I/Users/natasamihaleva/projectCXX/Lab4/cmake-build-debug/_deps/boost-src/libs/type_index/include -I/Users/natasamihaleva/projectCXX/Lab4/cmake-build-debug/_deps/boost-src/libs/type_traits/include -I/Users/natasamihaleva/projectCXX/Lab4/cmake-build-debug/_deps/boost-src/libs/typeof/include -I/Users/natasamihaleva/projectCXX/Lab4/cmake-build-debug/_deps/boost-src/libs/unordered/include -I/Users/natasamihaleva/projectCXX/Lab4/cmake-build-debug/_deps/boost-src/libs/utility/include -I/Users/natasamihaleva/projectCXX/Lab4/cmake-build-debug/_deps/boost-src/libs/variant2/include -I/Users/natasamihaleva/projectCXX/Lab4/cmake-build-debug/_deps/boost-src/libs/winapi/include -arch arm64 -isysroot /Library/Developer/CommandLineTools/SDKs/MacOSX12.3.sdk -std=gnu++20 -MD -MT CMakeFiles/cmTC_05650.dir/src.cxx.o -MF CMakeFiles/cmTC_05650.dir/src.cxx.o.d -o CMakeFiles/cmTC_05650.dir/src.cxx.o -c /Users/natasamihaleva/projectCXX/Lab4/cmake-build-debug/CMakeFiles/CMakeTmp/src.cxx
In file included from /Users/natasamihaleva/projectCXX/Lab4/cmake-build-debug/CMakeFiles/CMakeTmp/src.cxx:1:
/Users/natasamihaleva/projectCXX/Lab4/cmake-build-debug/_deps/boost-src/libs/atomic/../config/checks/architecture/x86.cpp:15:2: error: "Not x86"
#error "Not x86"
 ^
1 error generated.
ninja: build stopped: subcommand failed.


Source file was:
#include </Users/natasamihaleva/projectCXX/Lab4/cmake-build-debug/_deps/boost-src/libs/atomic/../config/checks/architecture/x86.cpp>
int main() {}
